<?xml version="1.0" encoding="UTF-8"?>
<testsuite name="com.lambdaschool.task4.PassByValueDemoTest" tests="6" skipped="0" failures="0" errors="0" timestamp="2025-05-08T01:48:10.851Z" hostname="Toms-MacBook-Pro.local" time="0.004">
  <properties/>
  <testcase name="testMutableObject()" classname="com.lambdaschool.task4.PassByValueDemoTest" time="0.001"/>
  <testcase name="testModifyObjectWithNull()" classname="com.lambdaschool.task4.PassByValueDemoTest" time="0.001"/>
  <testcase name="testReassignReferenceWithNull()" classname="com.lambdaschool.task4.PassByValueDemoTest" time="0.0"/>
  <testcase name="testModifyObject()" classname="com.lambdaschool.task4.PassByValueDemoTest" time="0.001"/>
  <testcase name="testModifyPrimitive()" classname="com.lambdaschool.task4.PassByValueDemoTest" time="0.001"/>
  <testcase name="testReassignReference()" classname="com.lambdaschool.task4.PassByValueDemoTest" time="0.0"/>
  <system-out><![CDATA[]]></system-out>
  <system-err><![CDATA[]]></system-err>
</testsuite>
