<?xml version="1.0" encoding="UTF-8"?>
<testsuite name="com.lambdaschool.task1.LoopPatternsTest" tests="3" skipped="0" failures="0" errors="0" timestamp="2025-05-08T01:48:10.844Z" hostname="Toms-MacBook-Pro.local" time="0.002">
  <properties/>
  <testcase name="testFindPrimes()" classname="com.lambdaschool.task1.LoopPatternsTest" time="0.001"/>
  <testcase name="testSumOfDigits()" classname="com.lambdaschool.task1.LoopPatternsTest" time="0.0"/>
  <testcase name="testCreateTriangle()" classname="com.lambdaschool.task1.LoopPatternsTest" time="0.001"/>
  <system-out><![CDATA[]]></system-out>
  <system-err><![CDATA[]]></system-err>
</testsuite>
